04:05:25 [INFO] ////////////// Welcome to rneat! \\\\\\\\\\\\\\
04:05:25 [INFO] Running gen-reads to generate read data.
04:05:25 [INFO] ////////////// Welcome to rusty-neat read generator! \\\\\\\\\\\\\\\
04:05:25 [INFO] Using Configuration file input: "/home/joshfactorial/code/gen_reads_long_reads.yml"
04:05:25 [INFO] Running rusty-neat to generate reads on "/home/joshfactorial/code/data/yeast.fa" with...
04:05:25 [INFO] Running rusty-neat to generate reads on /home/joshfactorial/code/data/yeast.fa with...
04:05:25 [INFO]   >read length: 1500
04:05:25 [INFO]   >coverage: 5
04:05:25 [INFO]   >mutation rate: 0.001
04:05:25 [INFO]   >ploidy: 2
04:05:25 [INFO]   >paired ended: false
04:05:25 [WARN] Overwriting any existing files.
04:05:25 [INFO] Creating output directory: "/home/joshfactorial/rneat_out"
04:05:25 [WARN] Directory not found, creating: "/home/joshfactorial/rneat_out"
04:05:25 [INFO] Producing fastq file:
04:05:25 [INFO] 	> "/home/joshfactorial/rneat_out/neat_out_r1.fastq.gz"
04:05:25 [INFO]   >shuffle FASTQ output: true
04:05:25 [INFO] Seed string to regenerate these exact results: 2026 05 08 04 05 25 266730785
04:05:25 [INFO] ////////////// Configuration successuful! Ready to run! \\\\\\\\\\\\\
04:05:25 [INFO] Created temp dir at TempDir { path: "/tmp/.tmpPbc9gm" }
04:05:25 [INFO] Generate mutation model
04:05:25 [INFO] Generate fragment length model
04:05:25 [INFO] Generate sequencing error model
04:05:25 [INFO] Generate quality score model
04:05:26 [INFO] Initialize Nucleotide selector
04:05:26 [INFO] Reading fasta file: /home/joshfactorial/code/data/yeast.fa
04:05:26 [DEBUG] (1) common::structs::fasta_map: Block maps verified for ASJZ01000001.1
04:05:26 [DEBUG] (1) common::structs::fasta_map: Block maps verified for ASJZ01000002.1
04:05:26 [DEBUG] (1) common::structs::fasta_map: Block maps verified for ASJZ01000003.1
04:05:26 [DEBUG] (1) common::structs::fasta_map: Block maps verified for ASJZ01000004.1
04:05:26 [DEBUG] (1) common::structs::fasta_map: Block maps verified for ASJZ01000005.1
04:05:26 [ERROR] Error verifying sequence maps: FastaMap failed to validate the sequence map
04:05:26 [ERROR] runner returned an error FastaReaderError(FastaMapInterfaceError(SeqMapValidationError))
